app/build/intermediates/manifest_merge_blame_file/debug/manifest-merger-blame-debug-report.txt
1<?xml version="1.0" encoding="utf-8"?>
2<manifest xmlns:android="http://schemas.android.com/apk/res/android"
3    package="com.sample.practical"
4    android:versionCode="1"
5    android:versionName="1.0" >
6
7    <uses-sdk
8        android:minSdkVersion="21"
8-->src/main/AndroidManifest.xml
9        android:targetSdkVersion="30" />
9-->src/main/AndroidManifest.xml
10
11    <uses-permission android:name="android.permission.INTERNET" />
11-->src/main/AndroidManifest.xml:5:5-67
11-->src/main/AndroidManifest.xml:5:22-64
12    <uses-permission android:name="android.permission.ACCESS_NETWORK_STATE" />
12-->src/main/AndroidManifest.xml:6:5-79
12-->src/main/AndroidManifest.xml:6:22-76
13
14    <application
14-->src/main/AndroidManifest.xml:8:5-34:19
15        android:name="com.sample.practical.ApplicationClass"
15-->src/main/AndroidManifest.xml:9:9-41
16        android:allowBackup="true"
16-->src/main/AndroidManifest.xml:10:9-35
17        android:appComponentFactory="androidx.core.app.CoreComponentFactory"
17-->[androidx.core:core:1.3.1] AndroidManifest.xml:24:18-86
18        android:debuggable="true"
19        android:icon="@mipmap/ic_launcher"
19-->src/main/AndroidManifest.xml:11:9-43
20        android:label="@string/app_name"
20-->src/main/AndroidManifest.xml:12:9-41
21        android:requestLegacyExternalStorage="true"
21-->src/main/AndroidManifest.xml:13:9-52
22        android:roundIcon="@mipmap/ic_launcher_round"
22-->src/main/AndroidManifest.xml:14:9-54
23        android:supportsRtl="true"
23-->src/main/AndroidManifest.xml:15:9-35
24        android:testOnly="true"
25        android:theme="@style/AppTheme"
25-->src/main/AndroidManifest.xml:16:9-40
26        android:usesCleartextTraffic="true" >
26-->src/main/AndroidManifest.xml:17:9-44
27        <activity
27-->src/main/AndroidManifest.xml:18:9-20:36
28            android:name="com.sample.practical.view.home.HomeActivity"
28-->src/main/AndroidManifest.xml:19:13-51
29            android:label="Home" />
29-->src/main/AndroidManifest.xml:20:13-33
30        <activity
30-->src/main/AndroidManifest.xml:21:9-29:20
31            android:name="com.sample.practical.view.splash.SplashActivity"
31-->src/main/AndroidManifest.xml:22:13-55
32            android:theme="@style/AppThemeNoActionBar" >
32-->src/main/AndroidManifest.xml:23:13-55
33            <intent-filter>
33-->src/main/AndroidManifest.xml:24:13-28:29
34                <action android:name="android.intent.action.MAIN" />
34-->src/main/AndroidManifest.xml:25:17-69
34-->src/main/AndroidManifest.xml:25:25-66
35
36                <category android:name="android.intent.category.LAUNCHER" />
36-->src/main/AndroidManifest.xml:27:17-77
36-->src/main/AndroidManifest.xml:27:27-74
37            </intent-filter>
38        </activity>
39        <activity
39-->src/main/AndroidManifest.xml:30:9-33:64
40            android:name="com.sample.practical.view.login.LoginActivity"
40-->src/main/AndroidManifest.xml:31:13-53
41            android:label="Login"
41-->src/main/AndroidManifest.xml:32:13-34
42            android:windowSoftInputMode="stateAlwaysVisible" />
42-->src/main/AndroidManifest.xml:33:13-61
43    </application>
44
45</manifest>